<?xml version="1.0" encoding="UTF-8"?>
<coverage generated="1734397092872" clover="3.2.0">
  <project timestamp="1734397092872" name="All files">
    <metrics statements="26" coveredstatements="12" conditionals="0" coveredconditionals="0" methods="10" coveredmethods="2" elements="36" coveredelements="14" complexity="0" loc="26" ncloc="26" packages="6" files="6" classes="6"/>
    <package name="appMobile">
      <metrics statements="1" coveredstatements="1" conditionals="0" coveredconditionals="0" methods="1" coveredmethods="1"/>
      <file name="App.js" path="C:\Users\laura\OneDrive\Desktop\Férias\appMobile\appMobile\App.js">
        <metrics statements="1" coveredstatements="1" conditionals="0" coveredconditionals="0" methods="1" coveredmethods="1"/>
        <line num="6" count="3" type="stmt"/>
      </file>
    </package>
    <package name="appMobile.src.components.header">
      <metrics statements="5" coveredstatements="2" conditionals="0" coveredconditionals="0" methods="2" coveredmethods="0"/>
      <file name="header.js" path="C:\Users\laura\OneDrive\Desktop\Férias\appMobile\appMobile\src\components\header\header.js">
        <metrics statements="5" coveredstatements="2" conditionals="0" coveredconditionals="0" methods="2" coveredmethods="0"/>
        <line num="5" count="1" type="stmt"/>
        <line num="6" count="0" type="stmt"/>
        <line num="7" count="0" type="stmt"/>
        <line num="11" count="0" type="stmt"/>
        <line num="23" count="1" type="stmt"/>
      </file>
    </package>
    <package name="appMobile.src.navigators">
      <metrics statements="3" coveredstatements="3" conditionals="0" coveredconditionals="0" methods="1" coveredmethods="1"/>
      <file name="DrawerNavigator.js" path="C:\Users\laura\OneDrive\Desktop\Férias\appMobile\appMobile\src\navigators\DrawerNavigator.js">
        <metrics statements="3" coveredstatements="3" conditionals="0" coveredconditionals="0" methods="1" coveredmethods="1"/>
        <line num="7" count="1" type="stmt"/>
        <line num="9" count="1" type="stmt"/>
        <line num="10" count="3" type="stmt"/>
      </file>
    </package>
    <package name="appMobile.src.screens.about">
      <metrics statements="4" coveredstatements="2" conditionals="0" coveredconditionals="0" methods="2" coveredmethods="0"/>
      <file name="AboutScreen.js" path="C:\Users\laura\OneDrive\Desktop\Férias\appMobile\appMobile\src\screens\about\AboutScreen.js">
        <metrics statements="4" coveredstatements="2" conditionals="0" coveredconditionals="0" methods="2" coveredmethods="0"/>
        <line num="5" count="1" type="stmt"/>
        <line num="6" count="0" type="stmt"/>
        <line num="25" count="0" type="stmt"/>
        <line num="65" count="1" type="stmt"/>
      </file>
    </package>
    <package name="appMobile.src.screens.home">
      <metrics statements="3" coveredstatements="2" conditionals="0" coveredconditionals="0" methods="1" coveredmethods="0"/>
      <file name="HomeScreen.js" path="C:\Users\laura\OneDrive\Desktop\Férias\appMobile\appMobile\src\screens\home\HomeScreen.js">
        <metrics statements="3" coveredstatements="2" conditionals="0" coveredconditionals="0" methods="1" coveredmethods="0"/>
        <line num="5" count="1" type="stmt"/>
        <line num="6" count="0" type="stmt"/>
        <line num="14" count="1" type="stmt"/>
      </file>
    </package>
    <package name="appMobile.src.screens.profile">
      <metrics statements="10" coveredstatements="2" conditionals="0" coveredconditionals="0" methods="3" coveredmethods="0"/>
      <file name="ProfileScreen.js" path="C:\Users\laura\OneDrive\Desktop\Férias\appMobile\appMobile\src\screens\profile\ProfileScreen.js">
        <metrics statements="10" coveredstatements="2" conditionals="0" coveredconditionals="0" methods="3" coveredmethods="0"/>
        <line num="7" count="1" type="stmt"/>
        <line num="8" count="0" type="stmt"/>
        <line num="9" count="0" type="stmt"/>
        <line num="15" count="0" type="stmt"/>
        <line num="17" count="0" type="stmt"/>
        <line num="18" count="0" type="stmt"/>
        <line num="21" count="0" type="stmt"/>
        <line num="22" count="0" type="stmt"/>
        <line num="25" count="0" type="stmt"/>
        <line num="107" count="1" type="stmt"/>
      </file>
    </package>
  </project>
</coverage>
