{"C:\\Users\\laura\\OneDrive\\Desktop\\Férias\\appMobile\\appMobile\\App.js": {"path":"C:\\Users\\laura\\OneDrive\\Desktop\\Férias\\appMobile\\appMobile\\App.js","statementMap":{"0":{"start":{"line":6,"column":2},"end":{"line":10,"column":4}}},"fnMap":{"0":{"name":"App","decl":{"start":{"line":5,"column":24},"end":{"line":5,"column":27}},"loc":{"start":{"line":5,"column":30},"end":{"line":11,"column":1}},"line":5}},"branchMap":{},"s":{"0":3},"f":{"0":3},"b":{},"_coverageSchema":"1a1c01bbd47fc00a2c39e90264f33305004495a9","hash":"b12556b39207215febce2e6c759ba37f63909cb5"}
,"C:\\Users\\laura\\OneDrive\\Desktop\\Férias\\appMobile\\appMobile\\src\\components\\header\\header.js": {"path":"C:\\Users\\laura\\OneDrive\\Desktop\\Férias\\appMobile\\appMobile\\src\\components\\header\\header.js","statementMap":{"0":{"start":{"line":5,"column":15},"end":{"line":21,"column":1}},"1":{"start":{"line":6,"column":23},"end":{"line":6,"column":38}},"2":{"start":{"line":7,"column":2},"end":{"line":20,"column":4}},"3":{"start":{"line":11,"column":39},"end":{"line":11,"column":62}},"4":{"start":{"line":23,"column":15},"end":{"line":55,"column":2}}},"fnMap":{"0":{"name":"(anonymous_0)","decl":{"start":{"line":5,"column":15},"end":{"line":5,"column":16}},"loc":{"start":{"line":5,"column":21},"end":{"line":21,"column":1}},"line":5},"1":{"name":"(anonymous_1)","decl":{"start":{"line":11,"column":33},"end":{"line":11,"column":34}},"loc":{"start":{"line":11,"column":39},"end":{"line":11,"column":62}},"line":11}},"branchMap":{},"s":{"0":1,"1":0,"2":0,"3":0,"4":1},"f":{"0":0,"1":0},"b":{},"_coverageSchema":"1a1c01bbd47fc00a2c39e90264f33305004495a9","hash":"c62872edd4047aabf4cb0c06d706f0d95162f4de"}
,"C:\\Users\\laura\\OneDrive\\Desktop\\Férias\\appMobile\\appMobile\\src\\navigators\\DrawerNavigator.js": {"path":"C:\\Users\\laura\\OneDrive\\Desktop\\Férias\\appMobile\\appMobile\\src\\navigators\\DrawerNavigator.js","statementMap":{"0":{"start":{"line":7,"column":15},"end":{"line":7,"column":38}},"1":{"start":{"line":9,"column":24},"end":{"line":29,"column":1}},"2":{"start":{"line":10,"column":2},"end":{"line":28,"column":4}}},"fnMap":{"0":{"name":"(anonymous_0)","decl":{"start":{"line":9,"column":24},"end":{"line":9,"column":25}},"loc":{"start":{"line":9,"column":30},"end":{"line":29,"column":1}},"line":9}},"branchMap":{},"s":{"0":1,"1":1,"2":3},"f":{"0":3},"b":{},"_coverageSchema":"1a1c01bbd47fc00a2c39e90264f33305004495a9","hash":"4ece1f7903e9da4e12a337efecf63a2416f535db"}
,"C:\\Users\\laura\\OneDrive\\Desktop\\Férias\\appMobile\\appMobile\\src\\screens\\about\\AboutScreen.js": {"path":"C:\\Users\\laura\\OneDrive\\Desktop\\Férias\\appMobile\\appMobile\\src\\screens\\about\\AboutScreen.js","statementMap":{"0":{"start":{"line":5,"column":20},"end":{"line":63,"column":1}},"1":{"start":{"line":6,"column":2},"end":{"line":62,"column":4}},"2":{"start":{"line":25,"column":29},"end":{"line":25,"column":86}},"3":{"start":{"line":65,"column":15},"end":{"line":117,"column":2}}},"fnMap":{"0":{"name":"(anonymous_0)","decl":{"start":{"line":5,"column":20},"end":{"line":5,"column":21}},"loc":{"start":{"line":5,"column":26},"end":{"line":63,"column":1}},"line":5},"1":{"name":"(anonymous_1)","decl":{"start":{"line":25,"column":23},"end":{"line":25,"column":24}},"loc":{"start":{"line":25,"column":29},"end":{"line":25,"column":86}},"line":25}},"branchMap":{},"s":{"0":1,"1":0,"2":0,"3":1},"f":{"0":0,"1":0},"b":{},"_coverageSchema":"1a1c01bbd47fc00a2c39e90264f33305004495a9","hash":"1ed6b3c9b2557eb2312c1c868ee34d3aee503607"}
,"C:\\Users\\laura\\OneDrive\\Desktop\\Férias\\appMobile\\appMobile\\src\\screens\\home\\HomeScreen.js": {"path":"C:\\Users\\laura\\OneDrive\\Desktop\\Férias\\appMobile\\appMobile\\src\\screens\\home\\HomeScreen.js","statementMap":{"0":{"start":{"line":5,"column":19},"end":{"line":12,"column":1}},"1":{"start":{"line":6,"column":2},"end":{"line":11,"column":4}},"2":{"start":{"line":14,"column":15},"end":{"line":25,"column":2}}},"fnMap":{"0":{"name":"(anonymous_0)","decl":{"start":{"line":5,"column":19},"end":{"line":5,"column":20}},"loc":{"start":{"line":5,"column":25},"end":{"line":12,"column":1}},"line":5}},"branchMap":{},"s":{"0":1,"1":0,"2":1},"f":{"0":0},"b":{},"_coverageSchema":"1a1c01bbd47fc00a2c39e90264f33305004495a9","hash":"dd69b72523d17bd086282eab603f2804e3add1a5"}
,"C:\\Users\\laura\\OneDrive\\Desktop\\Férias\\appMobile\\appMobile\\src\\screens\\profile\\ProfileScreen.js": {"path":"C:\\Users\\laura\\OneDrive\\Desktop\\Férias\\appMobile\\appMobile\\src\\screens\\profile\\ProfileScreen.js","statementMap":{"0":{"start":{"line":7,"column":22},"end":{"line":105,"column":1}},"1":{"start":{"line":8,"column":21},"end":{"line":8,"column":36}},"2":{"start":{"line":9,"column":26},"end":{"line":13,"column":4}},"3":{"start":{"line":15,"column":54},"end":{"line":15,"column":69}},"4":{"start":{"line":17,"column":28},"end":{"line":19,"column":3}},"5":{"start":{"line":18,"column":4},"end":{"line":18,"column":39}},"6":{"start":{"line":21,"column":28},"end":{"line":23,"column":3}},"7":{"start":{"line":22,"column":4},"end":{"line":22,"column":47}},"8":{"start":{"line":25,"column":2},"end":{"line":104,"column":4}},"9":{"start":{"line":107,"column":15},"end":{"line":219,"column":2}}},"fnMap":{"0":{"name":"(anonymous_0)","decl":{"start":{"line":7,"column":22},"end":{"line":7,"column":23}},"loc":{"start":{"line":7,"column":28},"end":{"line":105,"column":1}},"line":7},"1":{"name":"(anonymous_1)","decl":{"start":{"line":17,"column":28},"end":{"line":17,"column":29}},"loc":{"start":{"line":17,"column":34},"end":{"line":19,"column":3}},"line":17},"2":{"name":"(anonymous_2)","decl":{"start":{"line":21,"column":28},"end":{"line":21,"column":29}},"loc":{"start":{"line":21,"column":34},"end":{"line":23,"column":3}},"line":21}},"branchMap":{},"s":{"0":1,"1":0,"2":0,"3":0,"4":0,"5":0,"6":0,"7":0,"8":0,"9":1},"f":{"0":0,"1":0,"2":0},"b":{},"_coverageSchema":"1a1c01bbd47fc00a2c39e90264f33305004495a9","hash":"6f44f049830740b7293282c0b57d3965eebddd05"}
}
