TN:
SF:App.js
FN:5,App
FNF:1
FNH:1
FNDA:3,App
DA:6,3
LF:1
LH:1
BRF:0
BRH:0
end_of_record
TN:
SF:assets\example-qrcode.png
FNF:0
FNH:0
DA:1,1
LF:1
LH:1
BRF:0
BRH:0
end_of_record
TN:
SF:src\components\header\header.js
FN:5,(anonymous_0)
FN:13,(anonymous_1)
FNF:2
FNH:2
FNDA:25,(anonymous_0)
FNDA:1,(anonymous_1)
DA:5,7
DA:6,25
DA:8,25
DA:13,1
DA:26,7
LF:5
LH:5
BRF:0
BRH:0
end_of_record
TN:
SF:src\navigators\DrawerNavigator.js
FN:11,(anonymous_0)
FNF:1
FNH:1
FNDA:3,(anonymous_0)
DA:9,1
DA:11,1
DA:12,3
LF:3
LH:3
BRF:0
BRH:0
end_of_record
TN:
SF:src\screens\about\AboutScreen.js
FN:5,(anonymous_0)
FN:25,(anonymous_1)
FNF:2
FNH:2
FNDA:6,(anonymous_0)
FNDA:1,(anonymous_1)
DA:5,2
DA:6,6
DA:25,1
DA:65,2
LF:4
LH:4
BRF:0
BRH:0
end_of_record
TN:
SF:src\screens\history\HistoryScreen.js
FN:19,(anonymous_0)
FN:23,(anonymous_1)
FN:80,(anonymous_2)
FNF:3
FNH:3
FNDA:6,(anonymous_0)
FNDA:60,(anonymous_1)
FNDA:66,(anonymous_2)
DA:6,2
DA:19,2
DA:20,6
DA:21,6
DA:23,6
DA:24,60
DA:72,6
DA:80,66
DA:89,2
LF:9
LH:9
BRDA:21,0,0,1
BRDA:21,0,1,5
BRDA:41,1,0,24
BRDA:41,1,1,36
BRDA:45,2,0,24
BRDA:45,2,1,36
BRDA:60,3,0,6
BRDA:60,3,1,54
BRF:8
BRH:8
end_of_record
TN:
SF:src\screens\home\HomeScreen.js
FN:5,(anonymous_0)
FNF:1
FNH:1
FNDA:3,(anonymous_0)
DA:5,2
DA:6,3
DA:14,2
LF:3
LH:3
BRF:0
BRH:0
end_of_record
TN:
SF:src\screens\profile\ProfileScreen.js
FN:7,(anonymous_0)
FN:17,(anonymous_1)
FN:21,(anonymous_2)
FNF:3
FNH:3
FNDA:6,(anonymous_0)
FNDA:1,(anonymous_1)
FNDA:2,(anonymous_2)
DA:7,2
DA:8,6
DA:9,6
DA:15,6
DA:17,6
DA:18,1
DA:21,6
DA:22,2
DA:25,6
DA:107,2
LF:10
LH:10
BRF:0
BRH:0
end_of_record
TN:
SF:src\screens\profile\edit-profile\EditProfileScreen.js
FN:5,(anonymous_0)
FNF:1
FNH:1
FNDA:2,(anonymous_0)
DA:5,2
DA:6,2
DA:16,2
LF:3
LH:3
BRF:0
BRH:0
end_of_record
TN:
SF:src\utils\themes.js
FNF:0
FNH:0
DA:1,2
DA:15,2
LF:2
LH:2
BRF:0
BRH:0
end_of_record
